<?xml version="1.0" encoding="UTF-8"?>
<!-- Generated by org.testng.reporters.JUnitReportReporter -->
<testsuite skipped="0" hostname="Mayur-PC" name="test.TestMethods" tests="3" failures="0" timestamp="19 Dec 2018 09:37:18 GMT" time="6.955" errors="0">
  <testcase name="getPOSTstatus" time="4.908" classname="test.TestMethods"/>
  <testcase name="getPOSTHeaders" time="0.988" classname="test.TestMethods"/>
  <testcase name="getPOSTJSON" time="1.059" classname="test.TestMethods"/>
</testsuite> <!-- test.TestMethods -->
